<?xml version="1.0" encoding="UTF-8"?>
<!-- Generated by org.testng.reporters.JUnitXMLReporter -->
<testsuite hostname="DESKTOP-S7SOFT1" failures="0" tests="1" name="Default test" time="0.235" errors="0" timestamp="10 Jan 2023 04:01:52 GMT">
  <testcase classname="TestCases.Test" name="@BeforeMethod setUp" time="0.0">
    <failure type="java.lang.Error" message="Unresolved compilation problem: 
	Cannot switch on a value of type String for source level below 1.7. Only convertible int values or enum variables are permitted
">
      <![CDATA[java.lang.Error: Unresolved compilation problem: 
	Cannot switch on a value of type String for source level below 1.7. Only convertible int values or enum variables are permitted

	at uikeywords.Keywords.openBrowser(Keywords.java:17)
	at config.TestBase.setUp(TestBase.java:22)
	at java.base/jdk.internal.reflect.DirectMethodHandleAccessor.invoke(DirectMethodHandleAccessor.java:104)
	at java.base/java.lang.reflect.Method.invoke(Method.java:577)
	at org.testng.internal.MethodInvocationHelper.invokeMethod(MethodInvocationHelper.java:84)
	at org.testng.internal.Invoker.invokeConfigurationMethod(Invoker.java:564)
	at org.testng.internal.Invoker.invokeConfigurations(Invoker.java:213)
	at org.testng.internal.Invoker.invokeMethod(Invoker.java:653)
	at org.testng.internal.Invoker.invokeTestMethod(Invoker.java:901)
	at org.testng.internal.Invoker.invokeTestMethods(Invoker.java:1231)
	at org.testng.internal.TestMethodWorker.invokeTestMethods(TestMethodWorker.java:127)
	at org.testng.internal.TestMethodWorker.run(TestMethodWorker.java:111)
	at org.testng.TestRunner.privateRun(TestRunner.java:767)
	at org.testng.TestRunner.run(TestRunner.java:617)
	at org.testng.SuiteRunner.runTest(SuiteRunner.java:334)
	at org.testng.SuiteRunner.runSequentially(SuiteRunner.java:329)
	at org.testng.SuiteRunner.privateRun(SuiteRunner.java:291)
	at org.testng.SuiteRunner.run(SuiteRunner.java:240)
	at org.testng.SuiteRunnerWorker.runSuite(SuiteRunnerWorker.java:52)
	at org.testng.SuiteRunnerWorker.run(SuiteRunnerWorker.java:86)
	at org.testng.TestNG.runSuitesSequentially(TestNG.java:1224)
	at org.testng.TestNG.runSuitesLocally(TestNG.java:1149)
	at org.testng.TestNG.run(TestNG.java:1057)
	at org.testng.remote.AbstractRemoteTestNG.run(AbstractRemoteTestNG.java:115)
	at org.testng.remote.RemoteTestNG.initAndRun(RemoteTestNG.java:251)
	at org.testng.remote.RemoteTestNG.main(RemoteTestNG.java:77)
]]>
    </failure>
  </testcase> <!-- @BeforeMethod setUp -->
  <testcase classname="TestCases.Test" name="@AfterMethod close" time="0.0">
    <skipped/>
  </testcase> <!-- @AfterMethod close -->
  <testcase classname="TestCases.Test" name="VerifyBandNames" time="0.008">
    <skipped/>
  </testcase> <!-- VerifyBandNames -->
</testsuite> <!-- Default test -->
