<?xml version="1.0" encoding="UTF-8"?>
<!-- Generated by org.testng.reporters.JUnitXMLReporter -->
<testsuite hostname="DESKTOP-S7SOFT1" failures="2" tests="5" name="Test" time="83.624" errors="0" timestamp="10 Jan 2023 09:40:18 GMT">
  <testcase classname="TestCases.BandFestivalPageTest" name="VerifyWebPageTitle" time="0.461"/>
  <testcase classname="TestCases.BandFestivalPageTest" name="VerifyNoOfBands" time="0.683"/>
  <testcase classname="TestCases.BandFestivalPageTest" name="VerifyNoOfFestivals" time="0.851"/>
  <testcase classname="TestCases.BandFestivalPageTest" name="VerifyBandNames" time="13.501">
    <failure type="java.lang.NullPointerException" message="Cannot invoke &amp;quot;org.apache.poi.xssf.usermodel.XSSFCell.getStringCellValue()&amp;quot; because the return value of &amp;quot;org.apache.poi.xssf.usermodel.XSSFRow.getCell(int)&amp;quot; is null">
      <![CDATA[java.lang.NullPointerException: Cannot invoke "org.apache.poi.xssf.usermodel.XSSFCell.getStringCellValue()" because the return value of "org.apache.poi.xssf.usermodel.XSSFRow.getCell(int)" is null
	at util.ExcelSupplier.readExcelData(ExcelSupplier.java:23)
	at util.ExcelSupplier.readBandNames(ExcelSupplier.java:31)
	at TestCases.BandFestivalPageTest.VerifyBandNames(BandFestivalPageTest.java:36)
... Removed 22 stack frames]]>
    </failure>
  </testcase> <!-- VerifyBandNames -->
  <testcase classname="TestCases.BandFestivalPageTest" name="VerifyFestivalNames" time="0.315">
    <failure type="java.lang.NullPointerException" message="Cannot invoke &amp;quot;org.apache.poi.xssf.usermodel.XSSFCell.getStringCellValue()&amp;quot; because the return value of &amp;quot;org.apache.poi.xssf.usermodel.XSSFRow.getCell(int)&amp;quot; is null">
      <![CDATA[java.lang.NullPointerException: Cannot invoke "org.apache.poi.xssf.usermodel.XSSFCell.getStringCellValue()" because the return value of "org.apache.poi.xssf.usermodel.XSSFRow.getCell(int)" is null
	at util.ExcelSupplier.readExcelData(ExcelSupplier.java:23)
	at util.ExcelSupplier.readFestivalNames(ExcelSupplier.java:34)
	at TestCases.BandFestivalPageTest.VerifyFestivalNames(BandFestivalPageTest.java:45)
... Removed 22 stack frames]]>
    </failure>
  </testcase> <!-- VerifyFestivalNames -->
</testsuite> <!-- Test -->
