<?xml version="1.0" encoding="UTF-8"?>
<!-- Generated by org.testng.reporters.JUnitXMLReporter -->
<testsuite hostname="DESKTOP-S7SOFT1" failures="1" tests="3" name="Test" time="43.517" errors="0" timestamp="10 Jan 2023 12:54:37 GMT">
  <testcase classname="TestCases.BandFestivalPageTest" name="VerifyWebPageTitle" time="0.18"/>
  <testcase classname="TestCases.BandFestivalPageTest" name="VerifyBandNames" time="9.496"/>
  <testcase classname="TestCases.BandFestivalPageTest" name="VerifyFestivalNames" time="0.301">
    <failure type="java.lang.NullPointerException" message="Cannot invoke &amp;quot;org.apache.poi.xssf.usermodel.XSSFCell.getStringCellValue()&amp;quot; because the return value of &amp;quot;org.apache.poi.xssf.usermodel.XSSFRow.getCell(int)&amp;quot; is null">
      <![CDATA[java.lang.NullPointerException: Cannot invoke "org.apache.poi.xssf.usermodel.XSSFCell.getStringCellValue()" because the return value of "org.apache.poi.xssf.usermodel.XSSFRow.getCell(int)" is null
	at util.ExcelSupplier.readExcelData(ExcelSupplier.java:24)
	at util.ExcelSupplier.readFestivalNames(ExcelSupplier.java:36)
	at TestCases.BandFestivalPageTest.VerifyFestivalNames(BandFestivalPageTest.java:36)
... Removed 22 stack frames]]>
    </failure>
  </testcase> <!-- VerifyFestivalNames -->
</testsuite> <!-- Test -->
