<?xml version="1.0" encoding="UTF-8"?>
<testng-results total="4" passed="3" failed="1" skipped="0">
  <reporter-output>
  </reporter-output>
  <suite started-at="2023-01-10T13:21:20Z" name="Suite" finished-at="2023-01-10T13:22:01Z" duration-ms="40840">
    <groups>
    </groups>
    <test started-at="2023-01-10T13:21:20Z" name="Test" finished-at="2023-01-10T13:22:01Z" duration-ms="40840">
      <class name="TestCases.BandFestivalPageTest">
        <test-method is-config="true" signature="setUp(java.lang.String)[pri:0, instance:TestCases.BandFestivalPageTest@16eccb2e]" started-at="2023-01-10T18:51:20Z" name="setUp" finished-at="2023-01-10T18:51:32Z" duration-ms="11840" status="PASS">
          <params>
            <param index="0">
              <value>
                <![CDATA[Edge]]>
              </value>
            </param>
          </params>
          <reporter-output>
          </reporter-output>
        </test-method> <!-- setUp -->
        <test-method signature="VerifyWebPageTitle()[pri:0, instance:TestCases.BandFestivalPageTest@16eccb2e]" started-at="2023-01-10T18:51:32Z" name="VerifyWebPageTitle" finished-at="2023-01-10T18:51:32Z" duration-ms="293" status="PASS">
          <reporter-output>
          </reporter-output>
        </test-method> <!-- VerifyWebPageTitle -->
        <test-method is-config="true" signature="setUp(java.lang.String)[pri:0, instance:TestCases.BandFestivalPageTest@16eccb2e]" started-at="2023-01-10T18:51:32Z" name="setUp" finished-at="2023-01-10T18:51:40Z" duration-ms="7511" status="PASS">
          <params>
            <param index="0">
              <value>
                <![CDATA[Edge]]>
              </value>
            </param>
          </params>
          <reporter-output>
          </reporter-output>
        </test-method> <!-- setUp -->
        <test-method signature="VerifyBandNames()[pri:0, instance:TestCases.BandFestivalPageTest@16eccb2e]" started-at="2023-01-10T18:51:40Z" name="VerifyBandNames" finished-at="2023-01-10T18:51:44Z" duration-ms="4276" status="PASS">
          <reporter-output>
          </reporter-output>
        </test-method> <!-- VerifyBandNames -->
        <test-method is-config="true" signature="setUp(java.lang.String)[pri:0, instance:TestCases.BandFestivalPageTest@16eccb2e]" started-at="2023-01-10T18:51:44Z" name="setUp" finished-at="2023-01-10T18:51:52Z" duration-ms="7420" status="PASS">
          <params>
            <param index="0">
              <value>
                <![CDATA[Edge]]>
              </value>
            </param>
          </params>
          <reporter-output>
          </reporter-output>
        </test-method> <!-- setUp -->
        <test-method signature="VerifyFestivalNames()[pri:0, instance:TestCases.BandFestivalPageTest@16eccb2e]" started-at="2023-01-10T18:51:52Z" name="VerifyFestivalNames" finished-at="2023-01-10T18:51:53Z" duration-ms="1050" status="FAIL">
          <exception class="java.lang.AssertionError">
            <message>
              <![CDATA[Lists differ at element [2]: NA !=  expected [NA] but found []]]>
            </message>
            <full-stacktrace>
              <![CDATA[java.lang.AssertionError: Lists differ at element [2]: NA !=  expected [NA] but found []
	at org.testng.Assert.fail(Assert.java:94)
	at org.testng.Assert.failNotEquals(Assert.java:494)
	at org.testng.Assert.assertEquals(Assert.java:123)
	at org.testng.Assert.assertEquals(Assert.java:549)
	at org.testng.Assert.assertEquals(Assert.java:514)
	at TestCases.BandFestivalPageTest.VerifyFestivalNames(BandFestivalPageTest.java:39)
	at java.base/jdk.internal.reflect.DirectMethodHandleAccessor.invoke(DirectMethodHandleAccessor.java:104)
	at java.base/java.lang.reflect.Method.invoke(Method.java:577)
	at org.testng.internal.MethodInvocationHelper.invokeMethod(MethodInvocationHelper.java:84)
	at org.testng.internal.Invoker.invokeMethod(Invoker.java:714)
	at org.testng.internal.Invoker.invokeTestMethod(Invoker.java:901)
	at org.testng.internal.Invoker.invokeTestMethods(Invoker.java:1231)
	at org.testng.internal.TestMethodWorker.invokeTestMethods(TestMethodWorker.java:127)
	at org.testng.internal.TestMethodWorker.run(TestMethodWorker.java:111)
	at org.testng.TestRunner.privateRun(TestRunner.java:767)
	at org.testng.TestRunner.run(TestRunner.java:617)
	at org.testng.SuiteRunner.runTest(SuiteRunner.java:334)
	at org.testng.SuiteRunner.runSequentially(SuiteRunner.java:329)
	at org.testng.SuiteRunner.privateRun(SuiteRunner.java:291)
	at org.testng.SuiteRunner.run(SuiteRunner.java:240)
	at org.testng.SuiteRunnerWorker.runSuite(SuiteRunnerWorker.java:52)
	at org.testng.SuiteRunnerWorker.run(SuiteRunnerWorker.java:86)
	at org.testng.TestNG.runSuitesSequentially(TestNG.java:1224)
	at org.testng.TestNG.runSuitesLocally(TestNG.java:1149)
	at org.testng.TestNG.run(TestNG.java:1057)
	at org.testng.remote.AbstractRemoteTestNG.run(AbstractRemoteTestNG.java:115)
	at org.testng.remote.RemoteTestNG.initAndRun(RemoteTestNG.java:251)
	at org.testng.remote.RemoteTestNG.main(RemoteTestNG.java:77)
]]>
            </full-stacktrace>
          </exception> <!-- java.lang.AssertionError -->
          <reporter-output>
          </reporter-output>
        </test-method> <!-- VerifyFestivalNames -->
        <test-method is-config="true" signature="setUp(java.lang.String)[pri:0, instance:TestCases.BandFestivalPageTest@16eccb2e]" started-at="2023-01-10T18:51:53Z" name="setUp" finished-at="2023-01-10T18:52:00Z" duration-ms="7527" status="PASS">
          <params>
            <param index="0">
              <value>
                <![CDATA[Edge]]>
              </value>
            </param>
          </params>
          <reporter-output>
          </reporter-output>
        </test-method> <!-- setUp -->
        <test-method signature="VerifyBandNameAgainstFestivalName()[pri:0, instance:TestCases.BandFestivalPageTest@16eccb2e]" started-at="2023-01-10T18:52:00Z" name="VerifyBandNameAgainstFestivalName" finished-at="2023-01-10T18:52:01Z" depends-on-methods="TestCases.BandFestivalPageTest.VerifyBandNames" duration-ms="817" status="PASS">
          <reporter-output>
          </reporter-output>
        </test-method> <!-- VerifyBandNameAgainstFestivalName -->
      </class> <!-- TestCases.BandFestivalPageTest -->
    </test> <!-- Test -->
  </suite> <!-- Suite -->
</testng-results>
